git-lfs/2.11.0 (GitHub; windows amd64; go 1.14.2; git 48b28d97)
git version 2.28.0.windows.1

$ git.exe filter-process
Unable to move lfs\tmp\239973983 to lfs\objects\11\c0\11c008a96472bc06dbd3fbeb172ed022409fabdb55c26f3fb34317d3d71c7dbe


rename lfs\tmp\239973983 lfs\objects\11\c0\11c008a96472bc06dbd3fbeb172ed022409fabdb55c26f3fb34317d3d71c7dbe: The process cannot access the file because it is being used by another process.

Current time in UTC: 
2023-12-18 01:18:42

ENV:
LocalWorkingDir=
LocalGitDir=
LocalGitStorageDir=
LocalMediaDir=lfs\objects
LocalReferenceDirs=
TempDir=lfs\tmp
ConcurrentTransfers=8
TusTransfers=false
BasicTransfersOnly=false
SkipDownloadErrors=false
FetchRecentAlways=false
FetchRecentRefsDays=7
FetchRecentCommitsDays=0
FetchRecentRefsIncludeRemotes=true
PruneOffsetDays=3
PruneVerifyRemoteAlways=false
PruneRemoteName=origin
LfsStorageDir=lfs
AccessDownload=none
AccessUpload=none
DownloadTransfers=basic,lfs-standalone-file
UploadTransfers=basic,lfs-standalone-file
GIT_ASKPASS=c:/program files (x86)/microsoft visual studio/2017/community/common7/ide/commonextensions/microsoft/teamfoundation/team explorer/Git/mingw32/bin\git-askpass.exe
GIT_CEILING_DIRECTORIES=D:/GitKracken Unity
GIT_CONFIG_PARAMETERS='gc.auto'='0' 'credential.helper'='manager' 'core.askpass'='c:/program files (x86)/microsoft visual studio/2017/community/common7/ide/commonextensions/microsoft/teamfoundation/team explorer/Git/mingw32/bin\git-askpass.exe'
GIT_EXEC_PATH=c:/program files (x86)/microsoft visual studio/2017/community/common7/ide/commonextensions/microsoft/teamfoundation/team explorer/Git/mingw32/libexec/git-core
GIT_FLUSH=1
GIT_HTTP_USER_AGENT=git/2.12.2 (Microsoft Windows NT 10.0.19045.0; Win32NT x64) CLR/4.0.30319 VS15/15.0.0
GIT_MERGE_VERBOSITY=4
GIT_OPTIONAL_LOCKS=0
GIT_PAGER=cat
GIT_PREFIX=
GIT_TERMINAL_PROMPT=0

Client IP addresses:
fe80::332f:ba3c:d41e:4d2c 10.0.0.3
fe80::38be:3447:4cf5:ea91 192.168.1.173
